2026-01-20T15:32:25 | touched: hardhat.config.js
2025-12-16T01:23:12 | touched: hardhat.config.js
2025-05-07T14:17:13 | touched: test/Polkadotrelay.test.js
2026-01-10T16:50:13 | touched: package.json
2025-03-18T09:53:54 | touched: scripts/interact.js
2025-11-13T05:00:21 | touched: scripts/frontend-integration.js
2026-01-08T11:43:40 | touched: .env.example
2025-09-07T04:39:33 | touched: README.md
2025-01-24T04:24:59 | touched: scripts/interact.js
2025-09-17T21:13:54 | touched: test/Polkadotrelay.test.js
2025-11-15T06:56:43 | touched: .env.example
2025-08-06T05:48:08 | touched: scripts/api-server.js
2025-08-02T05:20:31 | touched: scripts/api-server.js
2025-07-07T23:01:27 | touched: hardhat.config.js
2025-01-18T15:59:18 | touched: scripts/interact.js
2025-05-09T02:30:03 | touched: scripts/frontend-integration.js
2025-02-04T08:18:12 | touched: scripts/cli.js
2025-08-12T21:57:54 | touched: .env.example
2025-04-13T02:44:25 | touched: .env.example
2025-01-22T20:58:19 | touched: test/Polkadotrelay.test.js
